Listening at http://localhost:9002

events.js:377
      throw er; // Unhandled 'error' event
      ^

Error: listen EADDRINUSE: address already in use :::9002
    at Server.setupListenHandle [as _listen2] (net.js:1331:16)
    at listenInCluster (net.js:1379:12)
    at Server.listen (net.js:1465:7)
    at Function.listen (/Users/leonardorain/Code/Personal Programs/Vue-Programs/Final-Music/final-music/node_modules/express/lib/application.js:635:24)
    at Object.<anonymous> (/Users/leonardorain/Code/Personal Programs/Vue-Programs/Final-Music/final-music/backend/prod.server.js:40:22)
    at Module._compile (internal/modules/cjs/loader.js:1085:14)
    at Object.Module._extensions..js (internal/modules/cjs/loader.js:1114:10)
    at Module.load (internal/modules/cjs/loader.js:950:32)
    at Function.Module._load (internal/modules/cjs/loader.js:790:12)
    at Function.executeUserEntryPoint [as runMain] (internal/modules/run_main.js:75:12)
Emitted 'error' event on Server instance at:
    at emitErrorNT (net.js:1358:8)
    at processTicksAndRejections (internal/process/task_queues.js:82:21) {
  code: 'EADDRINUSE',
  errno: -48,
  syscall: 'listen',
  address: '::',
  port: 9002
}
events.js:377
      throw er; // Unhandled 'error' event
      ^

Error: listen EADDRINUSE: address already in use :::9002
    at Server.setupListenHandle [as _listen2] (net.js:1331:16)
    at listenInCluster (net.js:1379:12)
    at Server.listen (net.js:1465:7)
    at Function.listen (/Users/leonardorain/Code/Personal Programs/Vue-Programs/Final-Music/final-music/node_modules/express/lib/application.js:635:24)
    at Object.<anonymous> (/Users/leonardorain/Code/Personal Programs/Vue-Programs/Final-Music/final-music/backend/prod.server.js:40:22)
    at Module._compile (internal/modules/cjs/loader.js:1085:14)
    at Object.Module._extensions..js (internal/modules/cjs/loader.js:1114:10)
    at Module.load (internal/modules/cjs/loader.js:950:32)
    at Function.Module._load (internal/modules/cjs/loader.js:790:12)
    at Function.executeUserEntryPoint [as runMain] (internal/modules/run_main.js:75:12)
Emitted 'error' event on Server instance at:
    at emitErrorNT (net.js:1358:8)
    at processTicksAndRejections (internal/process/task_queues.js:82:21) {
  code: 'EADDRINUSE',
  errno: -48,
  syscall: 'listen',
  address: '::',
  port: 9002
}
